2016-01-11 16:59:50.041 [info] <0.7.0> Application lager started on node nonode@nohost
2016-01-11 16:59:50.041 [info] <0.7.0> Application exlager started on node nonode@nohost
2016-01-11 16:59:50.041 [info] <0.7.0> Application plex_organizer started on node nonode@nohost
2016-01-11 16:59:50.062 [info] <0.70.0>@Elixir.PlexOrganizer:main:9 Starting File Manager...
2016-01-11 16:59:50.256 [info] <0.71.0>@Elixir.FileManager:manage:10 Creating Process: FO_5CCE3BECC6067E1DE2E299630C12A5FC
2016-01-11 16:59:51.257 [info] <0.73.0>@Elixir.FileOperation:copy:26 Copying: /Volumes/FreeAgent/torrent_complete/American Horror Story S05E05 2015 HDTV x264 - AMIABLE/American Horror Story S05E05 2015 HDTV x264 - AMIABLE.wmv To: /Volumes/Icy Dock/Plex/Media/TV Shows/American Horror Story/Season 5/American Horror Story - S05E05
2016-01-11 16:59:51.257 [info] <0.73.0>@Elixir.FileOperation:verify:31 Verifying /Volumes/FreeAgent/torrent_complete/American Horror Story S05E05 2015 HDTV x264 - AMIABLE/American Horror Story S05E05 2015 HDTV x264 - AMIABLE.wmv and /Volumes/Icy Dock/Plex/Media/TV Shows/American Horror Story/Season 5/American Horror Story - S05E05
2016-01-11 16:59:51.257 [info] <0.73.0>@Elixir.FileOperation:clean:35 Moving /Volumes/FreeAgent/torrent_complete/American Horror Story S05E05 2015 HDTV x264 - AMIABLE/American Horror Story S05E05 2015 HDTV x264 - AMIABLE.wmv to /Users/dmccray/.Trash
2016-01-11 16:59:51.257 [info] <0.71.0>@Elixir.FileManager:manage:32 Killing Process: FO_5CCE3BECC6067E1DE2E299630C12A5FC
2016-01-11 16:59:51.260 [info] <0.71.0>@Elixir.FileManager:manage:10 Creating Process: FO_E036CA1CD7428BB5C5927B340C656AC5
2016-01-11 16:59:52.261 [info] <0.74.0>@Elixir.FileOperation:copy:26 Copying: /Volumes/FreeAgent/torrent_complete/American Horror Story S05E06 2015 HDTV x264 - REWARD/American Horror Story S05E06 2015 HDTV x264 - REWARD.wmv To: /Volumes/Icy Dock/Plex/Media/TV Shows/American Horror Story/Season 5/American Horror Story - S05E06
2016-01-11 16:59:52.261 [info] <0.74.0>@Elixir.FileOperation:verify:31 Verifying /Volumes/FreeAgent/torrent_complete/American Horror Story S05E06 2015 HDTV x264 - REWARD/American Horror Story S05E06 2015 HDTV x264 - REWARD.wmv and /Volumes/Icy Dock/Plex/Media/TV Shows/American Horror Story/Season 5/American Horror Story - S05E06
2016-01-11 16:59:52.261 [info] <0.74.0>@Elixir.FileOperation:clean:35 Moving /Volumes/FreeAgent/torrent_complete/American Horror Story S05E06 2015 HDTV x264 - REWARD/American Horror Story S05E06 2015 HDTV x264 - REWARD.wmv to /Users/dmccray/.Trash
2016-01-11 16:59:52.261 [info] <0.71.0>@Elixir.FileManager:manage:32 Killing Process: FO_E036CA1CD7428BB5C5927B340C656AC5
2016-01-11 16:59:52.263 [info] <0.71.0>@Elixir.FileManager:manage:10 Creating Process: FO_F10D2876D8F539C8A24E7E7DDE079050
2016-01-11 16:59:53.264 [info] <0.75.0>@Elixir.FileOperation:copy:26 Copying: /Volumes/FreeAgent/torrent_complete/American Horror Story S05E07 2015 HDTV x264 - PLAYNOW/American Horror Story S05E07 2015 HDTV x264 - PLAYNOW.wmv To: /Volumes/Icy Dock/Plex/Media/TV Shows/American Horror Story/Season 5/American Horror Story - S05E07
2016-01-11 16:59:53.264 [info] <0.75.0>@Elixir.FileOperation:verify:31 Verifying /Volumes/FreeAgent/torrent_complete/American Horror Story S05E07 2015 HDTV x264 - PLAYNOW/American Horror Story S05E07 2015 HDTV x264 - PLAYNOW.wmv and /Volumes/Icy Dock/Plex/Media/TV Shows/American Horror Story/Season 5/American Horror Story - S05E07
2016-01-11 16:59:53.264 [info] <0.75.0>@Elixir.FileOperation:clean:35 Moving /Volumes/FreeAgent/torrent_complete/American Horror Story S05E07 2015 HDTV x264 - PLAYNOW/American Horror Story S05E07 2015 HDTV x264 - PLAYNOW.wmv to /Users/dmccray/.Trash
2016-01-11 16:59:53.264 [info] <0.71.0>@Elixir.FileManager:manage:32 Killing Process: FO_F10D2876D8F539C8A24E7E7DDE079050
2016-01-11 16:59:53.286 [info] <0.71.0>@Elixir.FileManager:manage:10 Creating Process: FO_286B5F8B81E76F8EB29044F8008DE0CF
2016-01-11 16:59:54.287 [info] <0.76.0>@Elixir.FileOperation:copy:26 Copying: /Volumes/FreeAgent/torrent_complete/American.Horror.Story.Hotel.S05E04.Devils.Night.1080p.WEB-DL.DD5.1.H.264-RARBG/American.Horror.Story.Hotel.S05E04.Devils.Night.1080p.WEB-DL.DD5.1.H.264-RARBG.mkv To: /Volumes/Icy Dock/Plex/Media/TV Shows/American Horror Story/Season 5/American Horror Story - S05E04
2016-01-11 16:59:54.287 [info] <0.76.0>@Elixir.FileOperation:verify:31 Verifying /Volumes/FreeAgent/torrent_complete/American.Horror.Story.Hotel.S05E04.Devils.Night.1080p.WEB-DL.DD5.1.H.264-RARBG/American.Horror.Story.Hotel.S05E04.Devils.Night.1080p.WEB-DL.DD5.1.H.264-RARBG.mkv and /Volumes/Icy Dock/Plex/Media/TV Shows/American Horror Story/Season 5/American Horror Story - S05E04
2016-01-11 16:59:54.287 [info] <0.76.0>@Elixir.FileOperation:clean:35 Moving /Volumes/FreeAgent/torrent_complete/American.Horror.Story.Hotel.S05E04.Devils.Night.1080p.WEB-DL.DD5.1.H.264-RARBG/American.Horror.Story.Hotel.S05E04.Devils.Night.1080p.WEB-DL.DD5.1.H.264-RARBG.mkv to /Users/dmccray/.Trash
2016-01-11 16:59:54.287 [info] <0.71.0>@Elixir.FileManager:manage:32 Killing Process: FO_286B5F8B81E76F8EB29044F8008DE0CF
2016-01-11 16:59:54.289 [info] <0.71.0>@Elixir.FileManager:manage:10 Creating Process: FO_D6AB8EB23B7DA85364461B93281B3761
2016-01-11 16:59:55.290 [info] <0.77.0>@Elixir.FileOperation:copy:26 Copying: /Volumes/FreeAgent/torrent_complete/american.horror.story.s05e08.720p.hdtv.hevc.x265.mkv To: /Volumes/Icy Dock/Plex/Media/TV Shows/American Horror Story/Season 5/American Horror Story - s05e08
2016-01-11 16:59:55.290 [info] <0.77.0>@Elixir.FileOperation:verify:31 Verifying /Volumes/FreeAgent/torrent_complete/american.horror.story.s05e08.720p.hdtv.hevc.x265.mkv and /Volumes/Icy Dock/Plex/Media/TV Shows/American Horror Story/Season 5/American Horror Story - s05e08
2016-01-11 16:59:55.290 [info] <0.77.0>@Elixir.FileOperation:clean:35 Moving /Volumes/FreeAgent/torrent_complete/american.horror.story.s05e08.720p.hdtv.hevc.x265.mkv to /Users/dmccray/.Trash
2016-01-11 16:59:55.290 [info] <0.71.0>@Elixir.FileManager:manage:32 Killing Process: FO_D6AB8EB23B7DA85364461B93281B3761
2016-01-11 16:59:55.294 [info] <0.71.0>@Elixir.FileManager:manage:10 Creating Process: FO_60E84F0C79D106573E8B40D8CFF1C7A7
2016-01-11 16:59:56.295 [info] <0.78.0>@Elixir.FileOperation:copy:26 Copying: /Volumes/FreeAgent/torrent_complete/American.Horror.Story.S05E10.She.Gets.Revenge.1080p.WEB-DL.DD5.1.H264-NTb[rarbg]/American.Horror.Story.S05E10.She.Gets.Revenge.1080p.WEB-DL.DD5.1.H.264-NTb.mkv To: /Volumes/Icy Dock/Plex/Media/TV Shows/American Horror Story/Season 5/American Horror Story - S05E10
2016-01-11 16:59:56.295 [info] <0.78.0>@Elixir.FileOperation:verify:31 Verifying /Volumes/FreeAgent/torrent_complete/American.Horror.Story.S05E10.She.Gets.Revenge.1080p.WEB-DL.DD5.1.H264-NTb[rarbg]/American.Horror.Story.S05E10.She.Gets.Revenge.1080p.WEB-DL.DD5.1.H.264-NTb.mkv and /Volumes/Icy Dock/Plex/Media/TV Shows/American Horror Story/Season 5/American Horror Story - S05E10
2016-01-11 16:59:56.295 [info] <0.78.0>@Elixir.FileOperation:clean:35 Moving /Volumes/FreeAgent/torrent_complete/American.Horror.Story.S05E10.She.Gets.Revenge.1080p.WEB-DL.DD5.1.H264-NTb[rarbg]/American.Horror.Story.S05E10.She.Gets.Revenge.1080p.WEB-DL.DD5.1.H.264-NTb.mkv to /Users/dmccray/.Trash
2016-01-11 16:59:56.295 [info] <0.71.0>@Elixir.FileManager:manage:32 Killing Process: FO_60E84F0C79D106573E8B40D8CFF1C7A7
2016-01-11 16:59:56.297 [info] <0.71.0>@Elixir.FileManager:manage:10 Creating Process: FO_49620D3BFCE2E08D267537046161BDFE
2016-01-11 16:59:57.298 [info] <0.79.0>@Elixir.FileOperation:copy:26 Copying: /Volumes/FreeAgent/torrent_complete/american.horror.story.s05e11.720p.hdtv.hevc.x265.rmteam.mkv To: /Volumes/Icy Dock/Plex/Media/TV Shows/American Horror Story/Season 5/American Horror Story - s05e11
2016-01-11 16:59:57.299 [info] <0.79.0>@Elixir.FileOperation:verify:31 Verifying /Volumes/FreeAgent/torrent_complete/american.horror.story.s05e11.720p.hdtv.hevc.x265.rmteam.mkv and /Volumes/Icy Dock/Plex/Media/TV Shows/American Horror Story/Season 5/American Horror Story - s05e11
2016-01-11 16:59:57.299 [info] <0.79.0>@Elixir.FileOperation:clean:35 Moving /Volumes/FreeAgent/torrent_complete/american.horror.story.s05e11.720p.hdtv.hevc.x265.rmteam.mkv to /Users/dmccray/.Trash
2016-01-11 16:59:57.300 [info] <0.71.0>@Elixir.FileManager:manage:32 Killing Process: FO_49620D3BFCE2E08D267537046161BDFE
2016-01-11 16:59:57.310 [info] <0.71.0>@Elixir.FileManager:manage:10 Creating Process: FO_CD4B67FDD699545EBA475FF63A09202B
2016-01-11 16:59:58.311 [info] <0.80.0>@Elixir.FileOperation:clean:35 Moving /Volumes/FreeAgent/torrent_complete/Arrow S04E03 Restoration 1080p WEB-DL AVC DD5.1 - M2Tv/Arrow S04E03 Restoration 1080p WEB-DL AVC DD5.1 - M2Tv.mkv to /Users/dmccray/.Trash
2016-01-11 16:59:58.311 [info] <0.71.0>@Elixir.FileManager:manage:32 Killing Process: FO_CD4B67FDD699545EBA475FF63A09202B
2016-01-11 16:59:58.313 [info] <0.71.0>@Elixir.FileManager:manage:10 Creating Process: FO_B685ECDCC840C86C76F52CAFBE3C91F2
2016-01-11 16:59:59.314 [info] <0.81.0>@Elixir.FileOperation:copy:26 Copying: /Volumes/FreeAgent/torrent_complete/Arrow S04E07 2015 HDTV x264 - KILLERS/Arrow S04E07 2015 HDTV x264 - KILLERS.wmv To: /Volumes/Icy Dock/Plex/Media/TV Shows/Arrow/Season 4/Arrow - S04E07
2016-01-11 16:59:59.314 [info] <0.81.0>@Elixir.FileOperation:verify:31 Verifying /Volumes/FreeAgent/torrent_complete/Arrow S04E07 2015 HDTV x264 - KILLERS/Arrow S04E07 2015 HDTV x264 - KILLERS.wmv and /Volumes/Icy Dock/Plex/Media/TV Shows/Arrow/Season 4/Arrow - S04E07
2016-01-11 16:59:59.314 [info] <0.81.0>@Elixir.FileOperation:clean:35 Moving /Volumes/FreeAgent/torrent_complete/Arrow S04E07 2015 HDTV x264 - KILLERS/Arrow S04E07 2015 HDTV x264 - KILLERS.wmv to /Users/dmccray/.Trash
2016-01-11 16:59:59.314 [info] <0.71.0>@Elixir.FileManager:manage:32 Killing Process: FO_B685ECDCC840C86C76F52CAFBE3C91F2
2016-01-11 16:59:59.326 [info] <0.71.0>@Elixir.FileManager:manage:10 Creating Process: FO_FDBF55FCFC5BEBFA541F34E269A683EB
2016-01-11 17:00:00.327 [info] <0.82.0>@Elixir.FileOperation:copy:26 Copying: /Volumes/FreeAgent/torrent_complete/Arrow S04E08 2015 HDTV x264 - ARROW/Arrow S04E08 2015 HDTV x264 - ARROW.wmv To: /Volumes/Icy Dock/Plex/Media/TV Shows/Arrow/Season 4/Arrow - S04E08
2016-01-11 17:00:00.327 [info] <0.82.0>@Elixir.FileOperation:verify:31 Verifying /Volumes/FreeAgent/torrent_complete/Arrow S04E08 2015 HDTV x264 - ARROW/Arrow S04E08 2015 HDTV x264 - ARROW.wmv and /Volumes/Icy Dock/Plex/Media/TV Shows/Arrow/Season 4/Arrow - S04E08
2016-01-11 17:00:00.327 [info] <0.82.0>@Elixir.FileOperation:clean:35 Moving /Volumes/FreeAgent/torrent_complete/Arrow S04E08 2015 HDTV x264 - ARROW/Arrow S04E08 2015 HDTV x264 - ARROW.wmv to /Users/dmccray/.Trash
2016-01-11 17:00:00.327 [info] <0.71.0>@Elixir.FileManager:manage:32 Killing Process: FO_FDBF55FCFC5BEBFA541F34E269A683EB
2016-01-11 17:00:00.330 [info] <0.71.0>@Elixir.FileManager:manage:10 Creating Process: FO_DDA07F427555F1163C6D238EC9B9BD4E
2016-01-11 17:00:01.331 [info] <0.83.0>@Elixir.FileOperation:clean:35 Moving /Volumes/FreeAgent/torrent_complete/Arrow.S04E04.1080p.HDTV.X264-DIMENSION[rarbg]/Arrow - S04E04.mkv to /Users/dmccray/.Trash
2016-01-11 17:00:01.331 [info] <0.71.0>@Elixir.FileManager:manage:32 Killing Process: FO_DDA07F427555F1163C6D238EC9B9BD4E
2016-01-11 17:00:01.333 [info] <0.71.0>@Elixir.FileManager:manage:10 Creating Process: FO_62BF0555591478C459682A0C6C7E60BC
2016-01-11 17:00:02.334 [info] <0.84.0>@Elixir.FileOperation:clean:35 Moving /Volumes/FreeAgent/torrent_complete/Arrow.S04E05.1080p.HDTV.X264-DIMENSION[rarbg]/Arrow - S04E05.mkv to /Users/dmccray/.Trash
2016-01-11 17:00:02.334 [info] <0.71.0>@Elixir.FileManager:manage:32 Killing Process: FO_62BF0555591478C459682A0C6C7E60BC
2016-01-11 17:00:02.335 [info] <0.71.0>@Elixir.FileManager:manage:10 Creating Process: FO_BE5A6DA001BB94F3DFC354FAF3EA3AC8
2016-01-11 17:00:03.336 [info] <0.85.0>@Elixir.FileOperation:clean:35 Moving /Volumes/FreeAgent/torrent_complete/Arrow.S04E05.Haunted-LEAKED.mp4 to /Users/dmccray/.Trash
2016-01-11 17:00:03.336 [info] <0.71.0>@Elixir.FileManager:manage:32 Killing Process: FO_BE5A6DA001BB94F3DFC354FAF3EA3AC8
2016-01-11 17:00:03.338 [info] <0.71.0>@Elixir.FileManager:manage:10 Creating Process: FO_CA7CD89981A07D0034FC4C6FC2299BEE
2016-01-11 17:00:04.339 [info] <0.86.0>@Elixir.FileOperation:clean:35 Moving /Volumes/FreeAgent/torrent_complete/Arrow.S04E06.720p.HDTV.X264-DIMENSION[rarbg]/Arrow - S04E06.mkv to /Users/dmccray/.Trash
2016-01-11 17:00:04.339 [info] <0.71.0>@Elixir.FileManager:manage:32 Killing Process: FO_CA7CD89981A07D0034FC4C6FC2299BEE
2016-01-11 17:00:04.341 [info] <0.71.0>@Elixir.FileManager:manage:10 Creating Process: FO_2F00E80DE99BCC3CA1CA544F5EA064E7
2016-01-11 17:00:05.342 [info] <0.87.0>@Elixir.FileOperation:copy:26 Copying: /Volumes/FreeAgent/torrent_complete/Arrow.S04E09.1080p.WEB-DL.DD5.1.H264-RARBG[rarbg]/Arrow.S04E09.1080p.WEB-DL.DD5.1.H264-RARBG.mkv To: /Volumes/Icy Dock/Plex/Media/TV Shows/Arrow/Season 4/Arrow - S04E09
2016-01-11 17:00:05.343 [info] <0.87.0>@Elixir.FileOperation:verify:31 Verifying /Volumes/FreeAgent/torrent_complete/Arrow.S04E09.1080p.WEB-DL.DD5.1.H264-RARBG[rarbg]/Arrow.S04E09.1080p.WEB-DL.DD5.1.H264-RARBG.mkv and /Volumes/Icy Dock/Plex/Media/TV Shows/Arrow/Season 4/Arrow - S04E09
2016-01-11 17:00:05.343 [info] <0.87.0>@Elixir.FileOperation:clean:35 Moving /Volumes/FreeAgent/torrent_complete/Arrow.S04E09.1080p.WEB-DL.DD5.1.H264-RARBG[rarbg]/Arrow.S04E09.1080p.WEB-DL.DD5.1.H264-RARBG.mkv to /Users/dmccray/.Trash
2016-01-11 17:00:05.344 [info] <0.71.0>@Elixir.FileManager:manage:32 Killing Process: FO_2F00E80DE99BCC3CA1CA544F5EA064E7
2016-01-11 17:00:05.348 [info] <0.71.0>@Elixir.FileManager:manage:10 Creating Process: FO_F28B6374731B2D21D2A6A26760BC4F8B
2016-01-11 17:00:06.349 [info] <0.88.0>@Elixir.FileOperation:clean:35 Moving /Volumes/FreeAgent/torrent_complete/Blackish - S02E06.mp4 to /Users/dmccray/.Trash
2016-01-11 17:00:06.349 [info] <0.71.0>@Elixir.FileManager:manage:32 Killing Process: FO_F28B6374731B2D21D2A6A26760BC4F8B
2016-01-11 17:00:06.350 [info] <0.71.0>@Elixir.FileManager:manage:10 Creating Process: FO_707878328C39F9ED4094C059FBD16720
2016-01-11 17:00:07.351 [info] <0.89.0>@Elixir.FileOperation:clean:35 Moving /Volumes/FreeAgent/torrent_complete/Blackish - S02E07.mp4 to /Users/dmccray/.Trash
2016-01-11 17:00:07.351 [info] <0.71.0>@Elixir.FileManager:manage:32 Killing Process: FO_707878328C39F9ED4094C059FBD16720
2016-01-11 17:00:07.353 [info] <0.71.0>@Elixir.FileManager:manage:10 Creating Process: FO_84B1DDD7A2D2C664777DCB8BCC8B5F44
2016-01-11 17:00:08.353 [info] <0.90.0>@Elixir.FileOperation:clean:35 Moving /Volumes/FreeAgent/torrent_complete/Blackish - S02E08.mp4 to /Users/dmccray/.Trash
2016-01-11 17:00:08.353 [info] <0.71.0>@Elixir.FileManager:manage:32 Killing Process: FO_84B1DDD7A2D2C664777DCB8BCC8B5F44
2016-01-11 17:00:08.354 [info] <0.71.0>@Elixir.FileManager:manage:10 Creating Process: FO_E9946F77469BE809B5CEE06518A9CB2B
2016-01-11 17:00:09.355 [info] <0.91.0>@Elixir.FileOperation:clean:35 Moving /Volumes/FreeAgent/torrent_complete/Blackish - S02E09.mp4 to /Users/dmccray/.Trash
2016-01-11 17:00:09.355 [info] <0.71.0>@Elixir.FileManager:manage:32 Killing Process: FO_E9946F77469BE809B5CEE06518A9CB2B
2016-01-11 17:00:09.357 [info] <0.71.0>@Elixir.FileManager:manage:10 Creating Process: FO_9A223CDDA99519CACC34E21B99CB9091
2016-01-11 17:00:10.358 [info] <0.92.0>@Elixir.FileOperation:clean:35 Moving /Volumes/FreeAgent/torrent_complete/Blackish - S02E10.mp4 to /Users/dmccray/.Trash
2016-01-11 17:00:10.358 [info] <0.71.0>@Elixir.FileManager:manage:32 Killing Process: FO_9A223CDDA99519CACC34E21B99CB9091
2016-01-11 17:00:10.361 [info] <0.71.0>@Elixir.FileManager:manage:10 Creating Process: FO_957B6CC9789BDE66E5903ED0B4D79602
2016-01-11 17:00:11.362 [info] <0.93.0>@Elixir.FileOperation:clean:35 Moving /Volumes/FreeAgent/torrent_complete/Blackish.S02E05.720p.HDTV.x264-KILLERS[rarbg]/Blackish.S02E05.720p.HDTV.x264-KILLERS.mkv to /Users/dmccray/.Trash
2016-01-11 17:00:11.362 [info] <0.71.0>@Elixir.FileManager:manage:32 Killing Process: FO_957B6CC9789BDE66E5903ED0B4D79602
2016-01-11 17:00:11.365 [info] <0.71.0>@Elixir.FileManager:manage:10 Creating Process: FO_6695EC1EA695F256D23507596EF5CCE9
2016-01-11 17:00:12.366 [info] <0.94.0>@Elixir.FileOperation:copy:26 Copying: /Volumes/FreeAgent/torrent_complete/Blackish.S02E11.PROPER.720p.HDTV.x264-KILLERS[ettv]/Blackish.S02E11.PROPER.720p.HDTV.x264-KILLERS[ettv].mkv To: /Volumes/Icy Dock/Plex/Media/TV Shows/Blackish/Season 2/Blackish - S02E11
2016-01-11 17:00:12.367 [info] <0.94.0>@Elixir.FileOperation:verify:31 Verifying /Volumes/FreeAgent/torrent_complete/Blackish.S02E11.PROPER.720p.HDTV.x264-KILLERS[ettv]/Blackish.S02E11.PROPER.720p.HDTV.x264-KILLERS[ettv].mkv and /Volumes/Icy Dock/Plex/Media/TV Shows/Blackish/Season 2/Blackish - S02E11
2016-01-11 17:00:12.367 [info] <0.94.0>@Elixir.FileOperation:clean:35 Moving /Volumes/FreeAgent/torrent_complete/Blackish.S02E11.PROPER.720p.HDTV.x264-KILLERS[ettv]/Blackish.S02E11.PROPER.720p.HDTV.x264-KILLERS[ettv].mkv to /Users/dmccray/.Trash
2016-01-11 17:00:12.368 [info] <0.71.0>@Elixir.FileManager:manage:32 Killing Process: FO_6695EC1EA695F256D23507596EF5CCE9
2016-01-11 17:00:12.382 [info] <0.71.0>@Elixir.FileManager:manage:10 Creating Process: FO_2F68ACC91F19989D15190F0A6BE93DD7
2016-01-11 17:00:13.383 [info] <0.95.0>@Elixir.FileOperation:copy:26 Copying: /Volumes/FreeAgent/torrent_complete/[ www.Torrenting.com ] - Broad.City.S01E08.PROPER.720p.HDTV.x264-MiNDTHEGAP/broad.city.s01e08.720p.hdtv.x264-mtg.mkv To: /Volumes/Icy Dock/Plex/Media/TV Shows/Broad City/Season 1/Broad City - S01E08
2016-01-11 17:00:13.383 [info] <0.95.0>@Elixir.FileOperation:verify:31 Verifying /Volumes/FreeAgent/torrent_complete/[ www.Torrenting.com ] - Broad.City.S01E08.PROPER.720p.HDTV.x264-MiNDTHEGAP/broad.city.s01e08.720p.hdtv.x264-mtg.mkv and /Volumes/Icy Dock/Plex/Media/TV Shows/Broad City/Season 1/Broad City - S01E08
2016-01-11 17:00:13.383 [info] <0.95.0>@Elixir.FileOperation:clean:35 Moving /Volumes/FreeAgent/torrent_complete/[ www.Torrenting.com ] - Broad.City.S01E08.PROPER.720p.HDTV.x264-MiNDTHEGAP/broad.city.s01e08.720p.hdtv.x264-mtg.mkv to /Users/dmccray/.Trash
2016-01-11 17:00:13.384 [info] <0.71.0>@Elixir.FileManager:manage:32 Killing Process: FO_2F68ACC91F19989D15190F0A6BE93DD7
2016-01-11 17:00:13.386 [info] <0.71.0>@Elixir.FileManager:manage:10 Creating Process: FO_BBF4FF5743D4577A143DA67023226023
2016-01-11 17:00:14.387 [info] <0.96.0>@Elixir.FileOperation:copy:26 Copying: /Volumes/FreeAgent/torrent_complete/Broad.City.S01E02.720p.WEB-DL.AAC2.0.H.264-BTN [PublicHD]/Broad.City.S01E02.720p.WEB-DL.AAC2.0.H.264-BTN.mkv To: /Volumes/Icy Dock/Plex/Media/TV Shows/Broad City/Season 1/Broad City - S01E02
2016-01-11 17:00:14.387 [info] <0.96.0>@Elixir.FileOperation:verify:31 Verifying /Volumes/FreeAgent/torrent_complete/Broad.City.S01E02.720p.WEB-DL.AAC2.0.H.264-BTN [PublicHD]/Broad.City.S01E02.720p.WEB-DL.AAC2.0.H.264-BTN.mkv and /Volumes/Icy Dock/Plex/Media/TV Shows/Broad City/Season 1/Broad City - S01E02
2016-01-11 17:00:14.387 [info] <0.96.0>@Elixir.FileOperation:clean:35 Moving /Volumes/FreeAgent/torrent_complete/Broad.City.S01E02.720p.WEB-DL.AAC2.0.H.264-BTN [PublicHD]/Broad.City.S01E02.720p.WEB-DL.AAC2.0.H.264-BTN.mkv to /Users/dmccray/.Trash
2016-01-11 17:00:14.387 [info] <0.71.0>@Elixir.FileManager:manage:32 Killing Process: FO_BBF4FF5743D4577A143DA67023226023
2016-01-11 17:00:14.390 [info] <0.71.0>@Elixir.FileManager:manage:10 Creating Process: FO_5660F93FDDB7DF2C6EF5DE8D5B4FDD7E
2016-01-11 17:00:15.391 [info] <0.97.0>@Elixir.FileOperation:copy:26 Copying: /Volumes/FreeAgent/torrent_complete/Broad.City.S01E05.Fattest.Asses.1080p.WEB-DL.AAC2.0.H.264-BTN [PublicHD]/Broad.City.S01E05.Fattest.Asses.1080p.WEB-DL.AAC2.0.H.264-BTN.mkv To: /Volumes/Icy Dock/Plex/Media/TV Shows/Broad City/Season 1/Broad City - S01E05
2016-01-11 17:00:15.391 [info] <0.97.0>@Elixir.FileOperation:verify:31 Verifying /Volumes/FreeAgent/torrent_complete/Broad.City.S01E05.Fattest.Asses.1080p.WEB-DL.AAC2.0.H.264-BTN [PublicHD]/Broad.City.S01E05.Fattest.Asses.1080p.WEB-DL.AAC2.0.H.264-BTN.mkv and /Volumes/Icy Dock/Plex/Media/TV Shows/Broad City/Season 1/Broad City - S01E05
2016-01-11 17:00:15.391 [info] <0.97.0>@Elixir.FileOperation:clean:35 Moving /Volumes/FreeAgent/torrent_complete/Broad.City.S01E05.Fattest.Asses.1080p.WEB-DL.AAC2.0.H.264-BTN [PublicHD]/Broad.City.S01E05.Fattest.Asses.1080p.WEB-DL.AAC2.0.H.264-BTN.mkv to /Users/dmccray/.Trash
2016-01-11 17:00:15.391 [info] <0.71.0>@Elixir.FileManager:manage:32 Killing Process: FO_5660F93FDDB7DF2C6EF5DE8D5B4FDD7E
2016-01-11 17:00:15.393 [info] <0.71.0>@Elixir.FileManager:manage:10 Creating Process: FO_FDB694DFEB26E9A09CCE02ED8947EF26
2016-01-11 17:00:16.394 [info] <0.98.0>@Elixir.FileOperation:copy:26 Copying: /Volumes/FreeAgent/torrent_complete/Broad.City.S01E06.Stolen.Phone.1080p.WEB-DL.AAC2.0.H.264-BTN [PublicHD]/Broad.City.S01E06.Stolen.Phone.1080p.WEB-DL.AAC2.0.H.264-BTN.mkv To: /Volumes/Icy Dock/Plex/Media/TV Shows/Broad City/Season 1/Broad City - S01E06
2016-01-11 17:00:16.394 [info] <0.98.0>@Elixir.FileOperation:verify:31 Verifying /Volumes/FreeAgent/torrent_complete/Broad.City.S01E06.Stolen.Phone.1080p.WEB-DL.AAC2.0.H.264-BTN [PublicHD]/Broad.City.S01E06.Stolen.Phone.1080p.WEB-DL.AAC2.0.H.264-BTN.mkv and /Volumes/Icy Dock/Plex/Media/TV Shows/Broad City/Season 1/Broad City - S01E06
2016-01-11 17:00:16.394 [info] <0.98.0>@Elixir.FileOperation:clean:35 Moving /Volumes/FreeAgent/torrent_complete/Broad.City.S01E06.Stolen.Phone.1080p.WEB-DL.AAC2.0.H.264-BTN [PublicHD]/Broad.City.S01E06.Stolen.Phone.1080p.WEB-DL.AAC2.0.H.264-BTN.mkv to /Users/dmccray/.Trash
2016-01-11 17:00:16.394 [info] <0.71.0>@Elixir.FileManager:manage:32 Killing Process: FO_FDB694DFEB26E9A09CCE02ED8947EF26
2016-01-11 17:00:16.397 [info] <0.71.0>@Elixir.FileManager:manage:10 Creating Process: FO_98E71853F190EB8989DC546DF838563D
2016-01-11 17:00:17.397 [info] <0.99.0>@Elixir.FileOperation:copy:26 Copying: /Volumes/FreeAgent/torrent_complete/Broad.City.S01E07.Hurricane.Wanda.1080p.WEB-DL.AAC2.0.H.264-BTN [PublicHD]/Broad.City.S01E07.Hurricane.Wanda.1080p.WEB-DL.AAC2.0.H.264-BTN.mkv To: /Volumes/Icy Dock/Plex/Media/TV Shows/Broad City/Season 1/Broad City - S01E07
2016-01-11 17:00:17.397 [info] <0.99.0>@Elixir.FileOperation:verify:31 Verifying /Volumes/FreeAgent/torrent_complete/Broad.City.S01E07.Hurricane.Wanda.1080p.WEB-DL.AAC2.0.H.264-BTN [PublicHD]/Broad.City.S01E07.Hurricane.Wanda.1080p.WEB-DL.AAC2.0.H.264-BTN.mkv and /Volumes/Icy Dock/Plex/Media/TV Shows/Broad City/Season 1/Broad City - S01E07
2016-01-11 17:00:17.397 [info] <0.99.0>@Elixir.FileOperation:clean:35 Moving /Volumes/FreeAgent/torrent_complete/Broad.City.S01E07.Hurricane.Wanda.1080p.WEB-DL.AAC2.0.H.264-BTN [PublicHD]/Broad.City.S01E07.Hurricane.Wanda.1080p.WEB-DL.AAC2.0.H.264-BTN.mkv to /Users/dmccray/.Trash
2016-01-11 17:00:17.397 [info] <0.71.0>@Elixir.FileManager:manage:32 Killing Process: FO_98E71853F190EB8989DC546DF838563D
2016-01-11 17:00:17.410 [info] <0.71.0>@Elixir.FileManager:manage:10 Creating Process: FO_4ED2039F28EFCBF34B71E4E5F7392734
2016-01-11 17:00:18.411 [info] <0.100.0>@Elixir.FileOperation:copy:26 Copying: /Volumes/FreeAgent/torrent_complete/Broad.City.S01E09.Apartment.Hunters.720p.WEB-DL.AAC.2.0.H.264-SHR [PublicHD]/Broad.City.S01E09.Apartment.Hunters.720p.WEB-DL.AAC.2.0.H.264-SHR.mkv To: /Volumes/Icy Dock/Plex/Media/TV Shows/Broad City/Season 1/Broad City - S01E09
2016-01-11 17:00:18.411 [info] <0.100.0>@Elixir.FileOperation:verify:31 Verifying /Volumes/FreeAgent/torrent_complete/Broad.City.S01E09.Apartment.Hunters.720p.WEB-DL.AAC.2.0.H.264-SHR [PublicHD]/Broad.City.S01E09.Apartment.Hunters.720p.WEB-DL.AAC.2.0.H.264-SHR.mkv and /Volumes/Icy Dock/Plex/Media/TV Shows/Broad City/Season 1/Broad City - S01E09
2016-01-11 17:00:18.411 [info] <0.100.0>@Elixir.FileOperation:clean:35 Moving /Volumes/FreeAgent/torrent_complete/Broad.City.S01E09.Apartment.Hunters.720p.WEB-DL.AAC.2.0.H.264-SHR [PublicHD]/Broad.City.S01E09.Apartment.Hunters.720p.WEB-DL.AAC.2.0.H.264-SHR.mkv to /Users/dmccray/.Trash
2016-01-11 17:00:18.411 [info] <0.71.0>@Elixir.FileManager:manage:32 Killing Process: FO_4ED2039F28EFCBF34B71E4E5F7392734
2016-01-11 17:00:18.427 [info] <0.71.0>@Elixir.FileManager:manage:10 Creating Process: FO_0A2309A109030068E09A438D4AC0F398
2016-01-11 17:00:19.428 [info] <0.101.0>@Elixir.FileOperation:copy:26 Copying: /Volumes/FreeAgent/torrent_complete/Broad.City.S01E10.The.Last.Supper.1080p.WEB-DL.AAC2.0.H.264-BTN [PublicHD]/Broad.City.S01E10.The.Last.Supper.1080p.WEB-DL.AAC2.0.H.264-BTN.mkv To: /Volumes/Icy Dock/Plex/Media/TV Shows/Broad City/Season 1/Broad City - S01E10
2016-01-11 17:00:19.428 [info] <0.101.0>@Elixir.FileOperation:verify:31 Verifying /Volumes/FreeAgent/torrent_complete/Broad.City.S01E10.The.Last.Supper.1080p.WEB-DL.AAC2.0.H.264-BTN [PublicHD]/Broad.City.S01E10.The.Last.Supper.1080p.WEB-DL.AAC2.0.H.264-BTN.mkv and /Volumes/Icy Dock/Plex/Media/TV Shows/Broad City/Season 1/Broad City - S01E10
2016-01-11 17:00:19.428 [info] <0.101.0>@Elixir.FileOperation:clean:35 Moving /Volumes/FreeAgent/torrent_complete/Broad.City.S01E10.The.Last.Supper.1080p.WEB-DL.AAC2.0.H.264-BTN [PublicHD]/Broad.City.S01E10.The.Last.Supper.1080p.WEB-DL.AAC2.0.H.264-BTN.mkv to /Users/dmccray/.Trash
2016-01-11 17:00:19.428 [info] <0.71.0>@Elixir.FileManager:manage:32 Killing Process: FO_0A2309A109030068E09A438D4AC0F398
2016-01-11 17:00:19.434 [info] <0.71.0>@Elixir.FileManager:manage:10 Creating Process: FO_533DF7074E50838DFC0ADB9C288E909D
2016-01-11 17:00:20.435 [info] <0.102.0>@Elixir.FileOperation:copy:26 Copying: /Volumes/FreeAgent/torrent_complete/Broad.City.S02E01.In.Heat.1080p.WEB-DL.AAC2.0.H.264-BTN[rarbg]/Broad.City.S02E01.In.Heat.1080p.WEB-DL.AAC2.0.H.264-BTN.mkv To: /Volumes/Icy Dock/Plex/Media/TV Shows/Broad City/Season 2/Broad City - S02E01
2016-01-11 17:00:20.435 [info] <0.102.0>@Elixir.FileOperation:verify:31 Verifying /Volumes/FreeAgent/torrent_complete/Broad.City.S02E01.In.Heat.1080p.WEB-DL.AAC2.0.H.264-BTN[rarbg]/Broad.City.S02E01.In.Heat.1080p.WEB-DL.AAC2.0.H.264-BTN.mkv and /Volumes/Icy Dock/Plex/Media/TV Shows/Broad City/Season 2/Broad City - S02E01
2016-01-11 17:00:20.435 [info] <0.102.0>@Elixir.FileOperation:clean:35 Moving /Volumes/FreeAgent/torrent_complete/Broad.City.S02E01.In.Heat.1080p.WEB-DL.AAC2.0.H.264-BTN[rarbg]/Broad.City.S02E01.In.Heat.1080p.WEB-DL.AAC2.0.H.264-BTN.mkv to /Users/dmccray/.Trash
2016-01-11 17:00:20.435 [info] <0.71.0>@Elixir.FileManager:manage:32 Killing Process: FO_533DF7074E50838DFC0ADB9C288E909D
2016-01-11 17:00:20.439 [info] <0.71.0>@Elixir.FileManager:manage:10 Creating Process: FO_8C88B72B214EB90CCB4FE8B0DD5A5AFC
2016-01-11 17:00:21.440 [info] <0.103.0>@Elixir.FileOperation:copy:26 Copying: /Volumes/FreeAgent/torrent_complete/Broad.City.S02E02.Mochalatta.Chills.1080p.WEB-DL.AAC2.0.H.264-BTN[rarbg]/Broad.City.S02E02.Mochalatta.Chills.1080p.WEB-DL.AAC2.0.H.264-BTN.mkv To: /Volumes/Icy Dock/Plex/Media/TV Shows/Broad City/Season 2/Broad City - S02E02
2016-01-11 17:00:21.440 [info] <0.103.0>@Elixir.FileOperation:verify:31 Verifying /Volumes/FreeAgent/torrent_complete/Broad.City.S02E02.Mochalatta.Chills.1080p.WEB-DL.AAC2.0.H.264-BTN[rarbg]/Broad.City.S02E02.Mochalatta.Chills.1080p.WEB-DL.AAC2.0.H.264-BTN.mkv and /Volumes/Icy Dock/Plex/Media/TV Shows/Broad City/Season 2/Broad City - S02E02
2016-01-11 17:00:21.440 [info] <0.103.0>@Elixir.FileOperation:clean:35 Moving /Volumes/FreeAgent/torrent_complete/Broad.City.S02E02.Mochalatta.Chills.1080p.WEB-DL.AAC2.0.H.264-BTN[rarbg]/Broad.City.S02E02.Mochalatta.Chills.1080p.WEB-DL.AAC2.0.H.264-BTN.mkv to /Users/dmccray/.Trash
2016-01-11 17:00:21.440 [info] <0.71.0>@Elixir.FileManager:manage:32 Killing Process: FO_8C88B72B214EB90CCB4FE8B0DD5A5AFC
2016-01-11 17:00:21.443 [info] <0.71.0>@Elixir.FileManager:manage:10 Creating Process: FO_AD32634366614A2872EE497E35745C2E
2016-01-11 17:00:22.444 [info] <0.104.0>@Elixir.FileOperation:copy:26 Copying: /Volumes/FreeAgent/torrent_complete/Broad.City.S02E03.Wisdom.Teeth.1080p.WEB-DL.AAC2.0.H.264-BTN[rarbg]/Broad.City.S02E03.Wisdom.Teeth.1080p.WEB-DL.AAC2.0.H.264-BTN.mkv To: /Volumes/Icy Dock/Plex/Media/TV Shows/Broad City/Season 2/Broad City - S02E03
2016-01-11 17:00:22.444 [info] <0.104.0>@Elixir.FileOperation:verify:31 Verifying /Volumes/FreeAgent/torrent_complete/Broad.City.S02E03.Wisdom.Teeth.1080p.WEB-DL.AAC2.0.H.264-BTN[rarbg]/Broad.City.S02E03.Wisdom.Teeth.1080p.WEB-DL.AAC2.0.H.264-BTN.mkv and /Volumes/Icy Dock/Plex/Media/TV Shows/Broad City/Season 2/Broad City - S02E03
2016-01-11 17:00:22.444 [info] <0.104.0>@Elixir.FileOperation:clean:35 Moving /Volumes/FreeAgent/torrent_complete/Broad.City.S02E03.Wisdom.Teeth.1080p.WEB-DL.AAC2.0.H.264-BTN[rarbg]/Broad.City.S02E03.Wisdom.Teeth.1080p.WEB-DL.AAC2.0.H.264-BTN.mkv to /Users/dmccray/.Trash
2016-01-11 17:00:22.444 [info] <0.71.0>@Elixir.FileManager:manage:32 Killing Process: FO_AD32634366614A2872EE497E35745C2E
2016-01-11 17:00:22.446 [info] <0.71.0>@Elixir.FileManager:manage:10 Creating Process: FO_266325B3AF57494B56B69D85429817D6
2016-01-11 17:00:23.447 [info] <0.105.0>@Elixir.FileOperation:copy:26 Copying: /Volumes/FreeAgent/torrent_complete/Broad.City.S02E04.Knockoffs.1080p.WEB-DL.AAC2.0.H.264-BTN[rarbg]/Broad.City.S02E04.Knockoffs.1080p.WEB-DL.AAC2.0.H.264-BTN.mkv To: /Volumes/Icy Dock/Plex/Media/TV Shows/Broad City/Season 2/Broad City - S02E04
2016-01-11 17:00:23.447 [info] <0.105.0>@Elixir.FileOperation:verify:31 Verifying /Volumes/FreeAgent/torrent_complete/Broad.City.S02E04.Knockoffs.1080p.WEB-DL.AAC2.0.H.264-BTN[rarbg]/Broad.City.S02E04.Knockoffs.1080p.WEB-DL.AAC2.0.H.264-BTN.mkv and /Volumes/Icy Dock/Plex/Media/TV Shows/Broad City/Season 2/Broad City - S02E04
2016-01-11 17:00:23.447 [info] <0.105.0>@Elixir.FileOperation:clean:35 Moving /Volumes/FreeAgent/torrent_complete/Broad.City.S02E04.Knockoffs.1080p.WEB-DL.AAC2.0.H.264-BTN[rarbg]/Broad.City.S02E04.Knockoffs.1080p.WEB-DL.AAC2.0.H.264-BTN.mkv to /Users/dmccray/.Trash
2016-01-11 17:00:23.447 [info] <0.71.0>@Elixir.FileManager:manage:32 Killing Process: FO_266325B3AF57494B56B69D85429817D6
2016-01-11 17:00:23.457 [info] <0.71.0>@Elixir.FileManager:manage:10 Creating Process: FO_F028201145C910EE8C0EFABCE8E0E8A0
2016-01-11 17:00:24.458 [info] <0.106.0>@Elixir.FileOperation:copy:26 Copying: /Volumes/FreeAgent/torrent_complete/Broad.City.S02E05.Hashtag.Fomo.1080p.WEB-DL.AAC2.0.H.264-BTN[rarbg]/Broad.City.S02E05.Hashtag.Fomo.1080p.WEB-DL.AAC2.0.H.264-BTN.mkv To: /Volumes/Icy Dock/Plex/Media/TV Shows/Broad City/Season 2/Broad City - S02E05
2016-01-11 17:00:24.458 [info] <0.106.0>@Elixir.FileOperation:verify:31 Verifying /Volumes/FreeAgent/torrent_complete/Broad.City.S02E05.Hashtag.Fomo.1080p.WEB-DL.AAC2.0.H.264-BTN[rarbg]/Broad.City.S02E05.Hashtag.Fomo.1080p.WEB-DL.AAC2.0.H.264-BTN.mkv and /Volumes/Icy Dock/Plex/Media/TV Shows/Broad City/Season 2/Broad City - S02E05
2016-01-11 17:00:24.458 [info] <0.106.0>@Elixir.FileOperation:clean:35 Moving /Volumes/FreeAgent/torrent_complete/Broad.City.S02E05.Hashtag.Fomo.1080p.WEB-DL.AAC2.0.H.264-BTN[rarbg]/Broad.City.S02E05.Hashtag.Fomo.1080p.WEB-DL.AAC2.0.H.264-BTN.mkv to /Users/dmccray/.Trash
2016-01-11 17:00:24.458 [info] <0.71.0>@Elixir.FileManager:manage:32 Killing Process: FO_F028201145C910EE8C0EFABCE8E0E8A0
2016-01-11 17:00:24.461 [info] <0.71.0>@Elixir.FileManager:manage:10 Creating Process: FO_CABB50755E05D8590B322DFDA1A89B7E
2016-01-11 17:00:25.462 [info] <0.107.0>@Elixir.FileOperation:copy:26 Copying: /Volumes/FreeAgent/torrent_complete/Broad.City.S02E06.The.Matrix.1080p.WEB-DL.AAC2.0.H.264-BTN[rarbg]/Broad.City.S02E06.The.Matrix.1080p.WEB-DL.AAC2.0.H.264-BTN.mkv To: /Volumes/Icy Dock/Plex/Media/TV Shows/Broad City/Season 2/Broad City - S02E06
2016-01-11 17:00:25.462 [info] <0.107.0>@Elixir.FileOperation:verify:31 Verifying /Volumes/FreeAgent/torrent_complete/Broad.City.S02E06.The.Matrix.1080p.WEB-DL.AAC2.0.H.264-BTN[rarbg]/Broad.City.S02E06.The.Matrix.1080p.WEB-DL.AAC2.0.H.264-BTN.mkv and /Volumes/Icy Dock/Plex/Media/TV Shows/Broad City/Season 2/Broad City - S02E06
2016-01-11 17:00:25.462 [info] <0.107.0>@Elixir.FileOperation:clean:35 Moving /Volumes/FreeAgent/torrent_complete/Broad.City.S02E06.The.Matrix.1080p.WEB-DL.AAC2.0.H.264-BTN[rarbg]/Broad.City.S02E06.The.Matrix.1080p.WEB-DL.AAC2.0.H.264-BTN.mkv to /Users/dmccray/.Trash
2016-01-11 17:00:25.462 [info] <0.71.0>@Elixir.FileManager:manage:32 Killing Process: FO_CABB50755E05D8590B322DFDA1A89B7E
2016-01-11 17:00:25.465 [info] <0.71.0>@Elixir.FileManager:manage:10 Creating Process: FO_39AA2412921F0746103132A68EE8EFD1
2016-01-11 17:00:26.466 [info] <0.108.0>@Elixir.FileOperation:copy:26 Copying: /Volumes/FreeAgent/torrent_complete/Broad.City.S02E07.Citizen.Ship.1080p.WEB-DL.AAC2.0.H.264-BTN[rarbg]/Broad.City.S02E07.Citizen.Ship.1080p.WEB-DL.AAC2.0.H.264-BTN.mkv To: /Volumes/Icy Dock/Plex/Media/TV Shows/Broad City/Season 2/Broad City - S02E07
2016-01-11 17:00:26.466 [info] <0.108.0>@Elixir.FileOperation:verify:31 Verifying /Volumes/FreeAgent/torrent_complete/Broad.City.S02E07.Citizen.Ship.1080p.WEB-DL.AAC2.0.H.264-BTN[rarbg]/Broad.City.S02E07.Citizen.Ship.1080p.WEB-DL.AAC2.0.H.264-BTN.mkv and /Volumes/Icy Dock/Plex/Media/TV Shows/Broad City/Season 2/Broad City - S02E07
2016-01-11 17:00:26.466 [info] <0.108.0>@Elixir.FileOperation:clean:35 Moving /Volumes/FreeAgent/torrent_complete/Broad.City.S02E07.Citizen.Ship.1080p.WEB-DL.AAC2.0.H.264-BTN[rarbg]/Broad.City.S02E07.Citizen.Ship.1080p.WEB-DL.AAC2.0.H.264-BTN.mkv to /Users/dmccray/.Trash
2016-01-11 17:00:26.466 [info] <0.71.0>@Elixir.FileManager:manage:32 Killing Process: FO_39AA2412921F0746103132A68EE8EFD1
2016-01-11 17:00:26.469 [info] <0.71.0>@Elixir.FileManager:manage:10 Creating Process: FO_DFC6BC09B06FB44A9CE14C40CC3450AF
2016-01-11 17:00:27.470 [info] <0.109.0>@Elixir.FileOperation:copy:26 Copying: /Volumes/FreeAgent/torrent_complete/Broad.City.S02E08.Kirk.Steele.1080p.WEB-DL.AAC2.0.H.264-BTN[rarbg]/Broad.City.S02E08.Kirk.Steele.1080p.WEB-DL.AAC2.0.H.264-BTN.mkv To: /Volumes/Icy Dock/Plex/Media/TV Shows/Broad City/Season 2/Broad City - S02E08
2016-01-11 17:00:27.470 [info] <0.109.0>@Elixir.FileOperation:verify:31 Verifying /Volumes/FreeAgent/torrent_complete/Broad.City.S02E08.Kirk.Steele.1080p.WEB-DL.AAC2.0.H.264-BTN[rarbg]/Broad.City.S02E08.Kirk.Steele.1080p.WEB-DL.AAC2.0.H.264-BTN.mkv and /Volumes/Icy Dock/Plex/Media/TV Shows/Broad City/Season 2/Broad City - S02E08
2016-01-11 17:00:27.470 [info] <0.109.0>@Elixir.FileOperation:clean:35 Moving /Volumes/FreeAgent/torrent_complete/Broad.City.S02E08.Kirk.Steele.1080p.WEB-DL.AAC2.0.H.264-BTN[rarbg]/Broad.City.S02E08.Kirk.Steele.1080p.WEB-DL.AAC2.0.H.264-BTN.mkv to /Users/dmccray/.Trash
2016-01-11 17:00:27.470 [info] <0.71.0>@Elixir.FileManager:manage:32 Killing Process: FO_DFC6BC09B06FB44A9CE14C40CC3450AF
2016-01-11 17:00:27.473 [info] <0.71.0>@Elixir.FileManager:manage:10 Creating Process: FO_DE6528067C1D762738C85C4BF3095D0D
2016-01-11 17:00:28.474 [info] <0.110.0>@Elixir.FileOperation:copy:26 Copying: /Volumes/FreeAgent/torrent_complete/Broad.City.S02E09.Coat.Check.1080p.WEB-DL.AAC2.0.H.264-BTN[rarbg]/Broad.City.S02E09.Coat.Check.1080p.WEB-DL.AAC2.0.H.264-BTN.mkv To: /Volumes/Icy Dock/Plex/Media/TV Shows/Broad City/Season 2/Broad City - S02E09
2016-01-11 17:00:28.474 [info] <0.110.0>@Elixir.FileOperation:verify:31 Verifying /Volumes/FreeAgent/torrent_complete/Broad.City.S02E09.Coat.Check.1080p.WEB-DL.AAC2.0.H.264-BTN[rarbg]/Broad.City.S02E09.Coat.Check.1080p.WEB-DL.AAC2.0.H.264-BTN.mkv and /Volumes/Icy Dock/Plex/Media/TV Shows/Broad City/Season 2/Broad City - S02E09
2016-01-11 17:00:28.474 [info] <0.110.0>@Elixir.FileOperation:clean:35 Moving /Volumes/FreeAgent/torrent_complete/Broad.City.S02E09.Coat.Check.1080p.WEB-DL.AAC2.0.H.264-BTN[rarbg]/Broad.City.S02E09.Coat.Check.1080p.WEB-DL.AAC2.0.H.264-BTN.mkv to /Users/dmccray/.Trash
2016-01-11 17:00:28.474 [info] <0.71.0>@Elixir.FileManager:manage:32 Killing Process: FO_DE6528067C1D762738C85C4BF3095D0D
2016-01-11 17:00:28.477 [info] <0.71.0>@Elixir.FileManager:manage:10 Creating Process: FO_3B4B01FDB5D5FE96AA14FB40D9D1CDC4
2016-01-11 17:00:29.479 [info] <0.111.0>@Elixir.FileOperation:copy:26 Copying: /Volumes/FreeAgent/torrent_complete/Broad.City.S02E10.St.Marks.1080p.WEB-DL.AAC2.0.H.264-BTN[rarbg]/Broad.City.S02E10.St.Mark's.1080p.WEB-DL.AAC2.0.H.264-BTN.mkv To: /Volumes/Icy Dock/Plex/Media/TV Shows/Broad City/Season 2/Broad City - S02E10
2016-01-11 17:00:29.479 [info] <0.111.0>@Elixir.FileOperation:verify:31 Verifying /Volumes/FreeAgent/torrent_complete/Broad.City.S02E10.St.Marks.1080p.WEB-DL.AAC2.0.H.264-BTN[rarbg]/Broad.City.S02E10.St.Mark's.1080p.WEB-DL.AAC2.0.H.264-BTN.mkv and /Volumes/Icy Dock/Plex/Media/TV Shows/Broad City/Season 2/Broad City - S02E10
2016-01-11 17:00:29.479 [info] <0.111.0>@Elixir.FileOperation:clean:35 Moving /Volumes/FreeAgent/torrent_complete/Broad.City.S02E10.St.Marks.1080p.WEB-DL.AAC2.0.H.264-BTN[rarbg]/Broad.City.S02E10.St.Mark's.1080p.WEB-DL.AAC2.0.H.264-BTN.mkv to /Users/dmccray/.Trash
2016-01-11 17:00:29.479 [info] <0.71.0>@Elixir.FileManager:manage:32 Killing Process: FO_3B4B01FDB5D5FE96AA14FB40D9D1CDC4
2016-01-11 17:00:29.488 [info] <0.71.0>@Elixir.FileManager:manage:10 Creating Process: FO_D8D13E6D4E9B3519DAC2728E9F888E42
2016-01-11 17:00:30.489 [info] <0.112.0>@Elixir.FileOperation:copy:26 Copying: /Volumes/FreeAgent/torrent_complete/Heroes Reborn S01E08 2015 HDTV x264 - AMIABLE/Heroes Reborn S01E08 2015 HDTV x264 - AMIABLE.wmv To: /Volumes/Icy Dock/Plex/Media/TV Shows/Heroes Reborn/Season 1/Heroes Reborn - S01E08
2016-01-11 17:00:30.489 [info] <0.112.0>@Elixir.FileOperation:verify:31 Verifying /Volumes/FreeAgent/torrent_complete/Heroes Reborn S01E08 2015 HDTV x264 - AMIABLE/Heroes Reborn S01E08 2015 HDTV x264 - AMIABLE.wmv and /Volumes/Icy Dock/Plex/Media/TV Shows/Heroes Reborn/Season 1/Heroes Reborn - S01E08
2016-01-11 17:00:30.489 [info] <0.112.0>@Elixir.FileOperation:clean:35 Moving /Volumes/FreeAgent/torrent_complete/Heroes Reborn S01E08 2015 HDTV x264 - AMIABLE/Heroes Reborn S01E08 2015 HDTV x264 - AMIABLE.wmv to /Users/dmccray/.Trash
2016-01-11 17:00:30.489 [info] <0.71.0>@Elixir.FileManager:manage:32 Killing Process: FO_D8D13E6D4E9B3519DAC2728E9F888E42
2016-01-11 17:00:30.492 [info] <0.71.0>@Elixir.FileManager:manage:10 Creating Process: FO_3DEDECF8E512A92747FA0132FFA5D98C
2016-01-11 17:00:31.493 [info] <0.113.0>@Elixir.FileOperation:copy:26 Copying: /Volumes/FreeAgent/torrent_complete/Heroes.Reborn.S01E07.1080p.WEB-DL.DD5.1.H.264-Zakh/Heroes.Reborn.S01E07.1080p.WEB-DL.DD5.1.H.264-Zakh.mkv To: /Volumes/Icy Dock/Plex/Media/TV Shows/Heroes Reborn/Season 1/Heroes Reborn - S01E07
2016-01-11 17:00:31.493 [info] <0.113.0>@Elixir.FileOperation:verify:31 Verifying /Volumes/FreeAgent/torrent_complete/Heroes.Reborn.S01E07.1080p.WEB-DL.DD5.1.H.264-Zakh/Heroes.Reborn.S01E07.1080p.WEB-DL.DD5.1.H.264-Zakh.mkv and /Volumes/Icy Dock/Plex/Media/TV Shows/Heroes Reborn/Season 1/Heroes Reborn - S01E07
2016-01-11 17:00:31.493 [info] <0.113.0>@Elixir.FileOperation:clean:35 Moving /Volumes/FreeAgent/torrent_complete/Heroes.Reborn.S01E07.1080p.WEB-DL.DD5.1.H.264-Zakh/Heroes.Reborn.S01E07.1080p.WEB-DL.DD5.1.H.264-Zakh.mkv to /Users/dmccray/.Trash
2016-01-11 17:00:31.493 [info] <0.71.0>@Elixir.FileManager:manage:32 Killing Process: FO_3DEDECF8E512A92747FA0132FFA5D98C
2016-01-11 17:00:31.495 [info] <0.71.0>@Elixir.FileManager:manage:10 Creating Process: FO_E3E070BD26877460004B188D9B0AC460
2016-01-11 17:00:32.496 [info] <0.114.0>@Elixir.FileOperation:copy:26 Copying: /Volumes/FreeAgent/torrent_complete/Heroes.Reborn.S01E09.720p.HDTV.x265.ShAaNiG.mkv To: /Volumes/Icy Dock/Plex/Media/TV Shows/Heroes Reborn/Season 1/Heroes Reborn - S01E09
2016-01-11 17:00:32.496 [info] <0.114.0>@Elixir.FileOperation:verify:31 Verifying /Volumes/FreeAgent/torrent_complete/Heroes.Reborn.S01E09.720p.HDTV.x265.ShAaNiG.mkv and /Volumes/Icy Dock/Plex/Media/TV Shows/Heroes Reborn/Season 1/Heroes Reborn - S01E09
2016-01-11 17:00:32.496 [info] <0.114.0>@Elixir.FileOperation:clean:35 Moving /Volumes/FreeAgent/torrent_complete/Heroes.Reborn.S01E09.720p.HDTV.x265.ShAaNiG.mkv to /Users/dmccray/.Trash
2016-01-11 17:00:32.496 [info] <0.71.0>@Elixir.FileManager:manage:32 Killing Process: FO_E3E070BD26877460004B188D9B0AC460
2016-01-11 17:00:32.499 [info] <0.71.0>@Elixir.FileManager:manage:10 Creating Process: FO_F541C08FFD75EDBFCAA7B8704667D710
2016-01-11 17:00:33.500 [info] <0.115.0>@Elixir.FileOperation:copy:26 Copying: /Volumes/FreeAgent/torrent_complete/Heroes.Reborn.S01E10.1080p.WEB-DL.DD5.1.H.264-Zakh/Heroes.Reborn.S01E10.1080p.WEB-DL.DD5.1.H.264-Zakh.mkv To: /Volumes/Icy Dock/Plex/Media/TV Shows/Heroes Reborn/Season 1/Heroes Reborn - S01E10
2016-01-11 17:00:33.500 [info] <0.115.0>@Elixir.FileOperation:verify:31 Verifying /Volumes/FreeAgent/torrent_complete/Heroes.Reborn.S01E10.1080p.WEB-DL.DD5.1.H.264-Zakh/Heroes.Reborn.S01E10.1080p.WEB-DL.DD5.1.H.264-Zakh.mkv and /Volumes/Icy Dock/Plex/Media/TV Shows/Heroes Reborn/Season 1/Heroes Reborn - S01E10
2016-01-11 17:00:33.500 [info] <0.115.0>@Elixir.FileOperation:clean:35 Moving /Volumes/FreeAgent/torrent_complete/Heroes.Reborn.S01E10.1080p.WEB-DL.DD5.1.H.264-Zakh/Heroes.Reborn.S01E10.1080p.WEB-DL.DD5.1.H.264-Zakh.mkv to /Users/dmccray/.Trash
2016-01-11 17:00:33.500 [info] <0.71.0>@Elixir.FileManager:manage:32 Killing Process: FO_F541C08FFD75EDBFCAA7B8704667D710
2016-01-11 17:00:33.503 [info] <0.71.0>@Elixir.FileManager:manage:10 Creating Process: FO_29652994070FA48B40D3032DF1B4054B
2016-01-11 17:00:34.505 [info] <0.116.0>@Elixir.FileOperation:copy:26 Copying: /Volumes/FreeAgent/torrent_complete/Heroes.Reborn.S01E11.1080p.HDTV.x264-BRISK[rarbg]/Heroes.Reborn.S01E11.1080p.HDTV.x264-BRISK.mkv To: /Volumes/Icy Dock/Plex/Media/TV Shows/Heroes Reborn/Season 1/Heroes Reborn - S01E11
2016-01-11 17:00:34.505 [info] <0.116.0>@Elixir.FileOperation:verify:31 Verifying /Volumes/FreeAgent/torrent_complete/Heroes.Reborn.S01E11.1080p.HDTV.x264-BRISK[rarbg]/Heroes.Reborn.S01E11.1080p.HDTV.x264-BRISK.mkv and /Volumes/Icy Dock/Plex/Media/TV Shows/Heroes Reborn/Season 1/Heroes Reborn - S01E11
2016-01-11 17:00:34.505 [info] <0.116.0>@Elixir.FileOperation:clean:35 Moving /Volumes/FreeAgent/torrent_complete/Heroes.Reborn.S01E11.1080p.HDTV.x264-BRISK[rarbg]/Heroes.Reborn.S01E11.1080p.HDTV.x264-BRISK.mkv to /Users/dmccray/.Trash
2016-01-11 17:00:34.505 [info] <0.71.0>@Elixir.FileManager:manage:32 Killing Process: FO_29652994070FA48B40D3032DF1B4054B
2016-01-11 17:00:34.517 [info] <0.71.0>@Elixir.FileManager:manage:10 Creating Process: FO_5D53785B6FB3E0728B5C2E3AFB4F56C5
2016-01-11 17:00:35.519 [info] <0.117.0>@Elixir.FileOperation:copy:26 Copying: /Volumes/FreeAgent/torrent_complete/New.Girl.S05E01.1080p.WEB-DL.DD5.1.H264-NTb[rarbg]/New.Girl.S05E01.1080p.WEB-DL.DD5.1.H.264-NTb.mkv To: /Volumes/Icy Dock/Plex/Media/TV Shows/New Girl/Season 5/New Girl - S05E01
2016-01-11 17:00:35.519 [info] <0.117.0>@Elixir.FileOperation:verify:31 Verifying /Volumes/FreeAgent/torrent_complete/New.Girl.S05E01.1080p.WEB-DL.DD5.1.H264-NTb[rarbg]/New.Girl.S05E01.1080p.WEB-DL.DD5.1.H.264-NTb.mkv and /Volumes/Icy Dock/Plex/Media/TV Shows/New Girl/Season 5/New Girl - S05E01
2016-01-11 17:00:35.519 [info] <0.117.0>@Elixir.FileOperation:clean:35 Moving /Volumes/FreeAgent/torrent_complete/New.Girl.S05E01.1080p.WEB-DL.DD5.1.H264-NTb[rarbg]/New.Girl.S05E01.1080p.WEB-DL.DD5.1.H.264-NTb.mkv to /Users/dmccray/.Trash
2016-01-11 17:00:35.519 [info] <0.71.0>@Elixir.FileManager:manage:32 Killing Process: FO_5D53785B6FB3E0728B5C2E3AFB4F56C5
2016-01-11 17:00:35.523 [info] <0.71.0>@Elixir.FileManager:manage:10 Creating Process: FO_4831AF874FC9F9997405D113E9F15446
2016-01-11 17:00:36.529 [info] <0.118.0>@Elixir.FileOperation:clean:35 Moving /Volumes/FreeAgent/torrent_complete/Quantico S01E06 2015 HDTV x264 - AMIABLE/Quantico - S01E06.wmv to /Users/dmccray/.Trash
2016-01-11 17:00:36.529 [info] <0.71.0>@Elixir.FileManager:manage:32 Killing Process: FO_4831AF874FC9F9997405D113E9F15446
2016-01-11 17:00:36.533 [info] <0.71.0>@Elixir.FileManager:manage:10 Creating Process: FO_857E778A792B47D126E1C9DC0F82B746
2016-01-11 17:00:37.534 [info] <0.119.0>@Elixir.FileOperation:clean:35 Moving /Volumes/FreeAgent/torrent_complete/Quantico S01E07 2015 HDTV x264 - AN0NYM0US/Quantico - S01E07.wmv to /Users/dmccray/.Trash
2016-01-11 17:00:37.534 [info] <0.71.0>@Elixir.FileManager:manage:32 Killing Process: FO_857E778A792B47D126E1C9DC0F82B746
2016-01-11 17:00:37.536 [info] <0.71.0>@Elixir.FileManager:manage:10 Creating Process: FO_D38D2F6CDF5D725A2D010AF9997DD0BC
2016-01-11 17:00:38.537 [info] <0.120.0>@Elixir.FileOperation:clean:35 Moving /Volumes/FreeAgent/torrent_complete/Quantico S01E09 2015 HDTV x264 - DIMENSION/Quantico - S01E10.wmv to /Users/dmccray/.Trash
2016-01-11 17:00:38.537 [info] <0.71.0>@Elixir.FileManager:manage:32 Killing Process: FO_D38D2F6CDF5D725A2D010AF9997DD0BC
2016-01-11 17:00:38.539 [info] <0.71.0>@Elixir.FileManager:manage:10 Creating Process: FO_F67463AB1D6D37E3C4F8DB998AB72CFD
2016-01-11 17:00:39.540 [info] <0.121.0>@Elixir.FileOperation:clean:35 Moving /Volumes/FreeAgent/torrent_complete/Quantico S01E10 720P HDTV HEVC x265 RMTeam/Quantico - S01E10.mkv to /Users/dmccray/.Trash
2016-01-11 17:00:39.540 [info] <0.71.0>@Elixir.FileManager:manage:32 Killing Process: FO_F67463AB1D6D37E3C4F8DB998AB72CFD
2016-01-11 17:00:39.542 [info] <0.71.0>@Elixir.FileManager:manage:10 Creating Process: FO_23AF7B715EDDBB8BF5700A4A111FC5A5
2016-01-11 17:00:40.543 [info] <0.122.0>@Elixir.FileOperation:clean:35 Moving /Volumes/FreeAgent/torrent_complete/Quantico.S01E06.HDTV.x264-LOL[rarbg]/Quantico - S01E06.mp4 to /Users/dmccray/.Trash
2016-01-11 17:00:40.543 [info] <0.71.0>@Elixir.FileManager:manage:32 Killing Process: FO_23AF7B715EDDBB8BF5700A4A111FC5A5
2016-01-11 17:00:40.545 [info] <0.71.0>@Elixir.FileManager:manage:10 Creating Process: FO_95495B94D557158F67A668D07A18EADF
2016-01-11 17:00:41.546 [info] <0.123.0>@Elixir.FileOperation:clean:35 Moving /Volumes/FreeAgent/torrent_complete/Quantico.S01E07.HDTV.x264-LOL[ettv]/Quantico - S01E07.mp4 to /Users/dmccray/.Trash
2016-01-11 17:00:41.546 [info] <0.71.0>@Elixir.FileManager:manage:32 Killing Process: FO_95495B94D557158F67A668D07A18EADF
2016-01-11 17:00:41.548 [info] <0.71.0>@Elixir.FileManager:manage:10 Creating Process: FO_C3E41B58D2764260942221B9C28D5B60
2016-01-11 17:00:42.549 [info] <0.124.0>@Elixir.FileOperation:clean:35 Moving /Volumes/FreeAgent/torrent_complete/Quantico.S01E08.720p.HDTV.X264-DIMENSION[rarbg]/Quantico - S01E08.mkv to /Users/dmccray/.Trash
2016-01-11 17:00:42.549 [info] <0.71.0>@Elixir.FileManager:manage:32 Killing Process: FO_C3E41B58D2764260942221B9C28D5B60
2016-01-11 17:00:42.552 [info] <0.71.0>@Elixir.FileManager:manage:10 Creating Process: FO_32006912C2085D45233F4BED980FDA03
2016-01-11 17:00:43.553 [info] <0.125.0>@Elixir.FileOperation:clean:35 Moving /Volumes/FreeAgent/torrent_complete/Quantico.S01E09.HDTV.x264-LOL[ettv]/Quantico - S01E09.mp4 to /Users/dmccray/.Trash
2016-01-11 17:00:43.553 [info] <0.71.0>@Elixir.FileManager:manage:32 Killing Process: FO_32006912C2085D45233F4BED980FDA03
2016-01-11 17:00:43.555 [info] <0.71.0>@Elixir.FileManager:manage:10 Creating Process: FO_0A1A368494AF2268C5C5FDCD4E44225E
2016-01-11 17:00:44.556 [info] <0.126.0>@Elixir.FileOperation:clean:35 Moving /Volumes/FreeAgent/torrent_complete/Quantico.S01E11.720p.HDTV.X264.AAC-SS -={SPARROW}=-/Quantico - S01E11.mp4 to /Users/dmccray/.Trash
2016-01-11 17:00:44.557 [info] <0.71.0>@Elixir.FileManager:manage:32 Killing Process: FO_0A1A368494AF2268C5C5FDCD4E44225E
2016-01-11 17:00:44.568 [info] <0.71.0>@Elixir.FileManager:manage:10 Creating Process: FO_FEA197040F5531ABF1E611AE9FE06706
2016-01-11 17:00:45.569 [info] <0.127.0>@Elixir.FileOperation:clean:35 Moving /Volumes/FreeAgent/torrent_complete/The.Flash.2014.S02E06.1080p.HDTV.X264-DIMENSION[rarbg]/The Flash (2015) - S02E06.mkv to /Users/dmccray/.Trash
2016-01-11 17:00:45.569 [info] <0.71.0>@Elixir.FileManager:manage:32 Killing Process: FO_FEA197040F5531ABF1E611AE9FE06706
2016-01-11 17:00:45.571 [info] <0.71.0>@Elixir.FileManager:manage:10 Creating Process: FO_1A035287B88FD05BF08B45F1EEFB53D9
2016-01-11 17:00:46.572 [info] <0.128.0>@Elixir.FileOperation:copy:26 Copying: /Volumes/FreeAgent/torrent_complete/The.Flash.2014.S02E07.1080p.HDTV.X264-DIMENSION[rarbg]/The.Flash.2014.S02E07.1080p.HDTV.X264-DIMENSION.mkv To: /Volumes/Icy Dock/Plex/Media/TV Shows/The Flash (2015)/Season 2/The Flash (2015) - S02E07
2016-01-11 17:00:46.572 [info] <0.128.0>@Elixir.FileOperation:verify:31 Verifying /Volumes/FreeAgent/torrent_complete/The.Flash.2014.S02E07.1080p.HDTV.X264-DIMENSION[rarbg]/The.Flash.2014.S02E07.1080p.HDTV.X264-DIMENSION.mkv and /Volumes/Icy Dock/Plex/Media/TV Shows/The Flash (2015)/Season 2/The Flash (2015) - S02E07
2016-01-11 17:00:46.572 [info] <0.128.0>@Elixir.FileOperation:clean:35 Moving /Volumes/FreeAgent/torrent_complete/The.Flash.2014.S02E07.1080p.HDTV.X264-DIMENSION[rarbg]/The.Flash.2014.S02E07.1080p.HDTV.X264-DIMENSION.mkv to /Users/dmccray/.Trash
2016-01-11 17:00:46.572 [info] <0.71.0>@Elixir.FileManager:manage:32 Killing Process: FO_1A035287B88FD05BF08B45F1EEFB53D9
2016-01-11 17:00:46.576 [info] <0.71.0>@Elixir.FileManager:manage:10 Creating Process: FO_9521938AE7340D9A42AC4C6BD6F4DD25
2016-01-11 17:00:47.577 [info] <0.129.0>@Elixir.FileOperation:copy:26 Copying: /Volumes/FreeAgent/torrent_complete/The.Flash.2014.S02E08.1080p.WEB-DL.DD5.1.H264-RARBG[rarbg]/The.Flash.2014.S02E08.1080p.WEB-DL.DD5.1.H264-RARBG.mkv To: /Volumes/Icy Dock/Plex/Media/TV Shows/The Flash (2015)/Season 2/The Flash (2015) - S02E08
2016-01-11 17:00:47.577 [info] <0.129.0>@Elixir.FileOperation:verify:31 Verifying /Volumes/FreeAgent/torrent_complete/The.Flash.2014.S02E08.1080p.WEB-DL.DD5.1.H264-RARBG[rarbg]/The.Flash.2014.S02E08.1080p.WEB-DL.DD5.1.H264-RARBG.mkv and /Volumes/Icy Dock/Plex/Media/TV Shows/The Flash (2015)/Season 2/The Flash (2015) - S02E08
2016-01-11 17:00:47.577 [info] <0.129.0>@Elixir.FileOperation:clean:35 Moving /Volumes/FreeAgent/torrent_complete/The.Flash.2014.S02E08.1080p.WEB-DL.DD5.1.H264-RARBG[rarbg]/The.Flash.2014.S02E08.1080p.WEB-DL.DD5.1.H264-RARBG.mkv to /Users/dmccray/.Trash
2016-01-11 17:00:47.577 [info] <0.71.0>@Elixir.FileManager:manage:32 Killing Process: FO_9521938AE7340D9A42AC4C6BD6F4DD25
2016-01-11 17:00:47.580 [info] <0.71.0>@Elixir.FileManager:manage:10 Creating Process: FO_1DF9C8B604E74EA6DDD7EF1AE64337CC
2016-01-11 17:00:48.581 [info] <0.130.0>@Elixir.FileOperation:clean:35 Moving /Volumes/FreeAgent/torrent_complete/The.Flash.S02E05.1080p.WEB-DL.DD5.1.H.264-KiNGS[rarbg]/The Flash (2015) - S02E05.mkv to /Users/dmccray/.Trash
2016-01-11 17:00:48.581 [info] <0.71.0>@Elixir.FileManager:manage:32 Killing Process: FO_1DF9C8B604E74EA6DDD7EF1AE64337CC
2016-01-11 17:00:48.582 [info] <0.71.0>@Elixir.FileManager:manage:10 Creating Process: FO_A6AE7BD161600CFB69E6F8A5BCC1C626
2016-01-11 17:00:49.584 [info] <0.131.0>@Elixir.FileOperation:copy:26 Copying: /Volumes/FreeAgent/torrent_complete/The.Flash.S02E09.Running.to.Stand.Still.1080p.WEB-DL.DD5.1.H.265-LGC.mkv To: /Volumes/Icy Dock/Plex/Media/TV Shows/The Flash (2015)/Season 2/The Flash (2015) - S02E09
2016-01-11 17:00:49.584 [info] <0.131.0>@Elixir.FileOperation:verify:31 Verifying /Volumes/FreeAgent/torrent_complete/The.Flash.S02E09.Running.to.Stand.Still.1080p.WEB-DL.DD5.1.H.265-LGC.mkv and /Volumes/Icy Dock/Plex/Media/TV Shows/The Flash (2015)/Season 2/The Flash (2015) - S02E09
2016-01-11 17:00:49.584 [info] <0.131.0>@Elixir.FileOperation:clean:35 Moving /Volumes/FreeAgent/torrent_complete/The.Flash.S02E09.Running.to.Stand.Still.1080p.WEB-DL.DD5.1.H.265-LGC.mkv to /Users/dmccray/.Trash
2016-01-11 17:00:49.584 [info] <0.71.0>@Elixir.FileManager:manage:32 Killing Process: FO_A6AE7BD161600CFB69E6F8A5BCC1C626
2016-01-11 17:00:49.590 [info] <0.71.0>@Elixir.FileManager:manage:10 Creating Process: FO_342B7DD822B61E765717FFE1A1C2EF0D
2016-01-11 17:00:50.591 [info] <0.132.0>@Elixir.FileOperation:copy:26 Copying: /Volumes/FreeAgent/torrent_complete/The.Last.Man.On.Earth.S02E05.Crickets.1080p.WEB-DL.DD5.1.H.264-BTN[rarbg]/Last Man on Earth - S02E05.mkv To: /Volumes/Icy Dock/Plex/Media/TV Shows/The Last Man on Earth/Season 2/The Last Man on Earth - S02E05
2016-01-11 17:00:50.591 [info] <0.132.0>@Elixir.FileOperation:verify:31 Verifying /Volumes/FreeAgent/torrent_complete/The.Last.Man.On.Earth.S02E05.Crickets.1080p.WEB-DL.DD5.1.H.264-BTN[rarbg]/Last Man on Earth - S02E05.mkv and /Volumes/Icy Dock/Plex/Media/TV Shows/The Last Man on Earth/Season 2/The Last Man on Earth - S02E05
2016-01-11 17:00:50.591 [info] <0.132.0>@Elixir.FileOperation:clean:35 Moving /Volumes/FreeAgent/torrent_complete/The.Last.Man.On.Earth.S02E05.Crickets.1080p.WEB-DL.DD5.1.H.264-BTN[rarbg]/Last Man on Earth - S02E05.mkv to /Users/dmccray/.Trash
2016-01-11 17:00:50.591 [info] <0.71.0>@Elixir.FileManager:manage:32 Killing Process: FO_342B7DD822B61E765717FFE1A1C2EF0D
2016-01-11 17:00:50.595 [info] <0.71.0>@Elixir.FileManager:manage:10 Creating Process: FO_5A19C191A9E5CF359C30DCE70D95E038
2016-01-11 17:00:51.596 [info] <0.133.0>@Elixir.FileOperation:copy:26 Copying: /Volumes/FreeAgent/torrent_complete/The.Last.Man.On.Earth.S02E06.A.Real.Live.Wire.1080p.WEB-DL.DD5.1.H.264-BTN[rarbg]/The.Last.Man.On.Earth.S02E06.A.Real.Live.Wire.1080p.WEB-DL.DD5.1.H.264-BTN.mkv To: /Volumes/Icy Dock/Plex/Media/TV Shows/The Last Man on Earth/Season 2/The Last Man on Earth - S02E06
2016-01-11 17:00:51.596 [info] <0.133.0>@Elixir.FileOperation:verify:31 Verifying /Volumes/FreeAgent/torrent_complete/The.Last.Man.On.Earth.S02E06.A.Real.Live.Wire.1080p.WEB-DL.DD5.1.H.264-BTN[rarbg]/The.Last.Man.On.Earth.S02E06.A.Real.Live.Wire.1080p.WEB-DL.DD5.1.H.264-BTN.mkv and /Volumes/Icy Dock/Plex/Media/TV Shows/The Last Man on Earth/Season 2/The Last Man on Earth - S02E06
2016-01-11 17:00:51.596 [info] <0.133.0>@Elixir.FileOperation:clean:35 Moving /Volumes/FreeAgent/torrent_complete/The.Last.Man.On.Earth.S02E06.A.Real.Live.Wire.1080p.WEB-DL.DD5.1.H.264-BTN[rarbg]/The.Last.Man.On.Earth.S02E06.A.Real.Live.Wire.1080p.WEB-DL.DD5.1.H.264-BTN.mkv to /Users/dmccray/.Trash
2016-01-11 17:00:51.596 [info] <0.71.0>@Elixir.FileManager:manage:32 Killing Process: FO_5A19C191A9E5CF359C30DCE70D95E038
2016-01-11 17:00:51.599 [info] <0.71.0>@Elixir.FileManager:manage:10 Creating Process: FO_7B0558F83D3FE5580C7B14B1C155B1C8
2016-01-11 17:00:52.600 [info] <0.134.0>@Elixir.FileOperation:copy:26 Copying: /Volumes/FreeAgent/torrent_complete/The.Last.Man.On.Earth.S02E07.Baby.Steps.1080p.WEB-DL.DD5.1.H264-BTN[rarbg]/The.Last.Man.On.Earth.S02E07.Baby.Steps.1080p.WEB-DL.DD5.1.H.264-BTN.mkv To: /Volumes/Icy Dock/Plex/Media/TV Shows/The Last Man on Earth/Season 2/The Last Man on Earth - S02E07
2016-01-11 17:00:52.600 [info] <0.134.0>@Elixir.FileOperation:verify:31 Verifying /Volumes/FreeAgent/torrent_complete/The.Last.Man.On.Earth.S02E07.Baby.Steps.1080p.WEB-DL.DD5.1.H264-BTN[rarbg]/The.Last.Man.On.Earth.S02E07.Baby.Steps.1080p.WEB-DL.DD5.1.H.264-BTN.mkv and /Volumes/Icy Dock/Plex/Media/TV Shows/The Last Man on Earth/Season 2/The Last Man on Earth - S02E07
2016-01-11 17:00:52.600 [info] <0.134.0>@Elixir.FileOperation:clean:35 Moving /Volumes/FreeAgent/torrent_complete/The.Last.Man.On.Earth.S02E07.Baby.Steps.1080p.WEB-DL.DD5.1.H264-BTN[rarbg]/The.Last.Man.On.Earth.S02E07.Baby.Steps.1080p.WEB-DL.DD5.1.H.264-BTN.mkv to /Users/dmccray/.Trash
2016-01-11 17:00:52.600 [info] <0.71.0>@Elixir.FileManager:manage:32 Killing Process: FO_7B0558F83D3FE5580C7B14B1C155B1C8
2016-01-11 17:00:52.603 [info] <0.71.0>@Elixir.FileManager:manage:10 Creating Process: FO_0F83A0639469239AF1D959C6B781D1C7
2016-01-11 17:00:53.604 [info] <0.135.0>@Elixir.FileOperation:copy:26 Copying: /Volumes/FreeAgent/torrent_complete/The.Last.Man.On.Earth.S02E08.No.Bull.1080p.WEB-DL.DD5.1.H264-BTN[rarbg]/The.Last.Man.On.Earth.S02E08.No.Bull.1080p.WEB-DL.DD5.1.H.264-BTN.mkv To: /Volumes/Icy Dock/Plex/Media/TV Shows/The Last Man on Earth/Season 2/The Last Man on Earth - S02E08
2016-01-11 17:00:53.604 [info] <0.135.0>@Elixir.FileOperation:verify:31 Verifying /Volumes/FreeAgent/torrent_complete/The.Last.Man.On.Earth.S02E08.No.Bull.1080p.WEB-DL.DD5.1.H264-BTN[rarbg]/The.Last.Man.On.Earth.S02E08.No.Bull.1080p.WEB-DL.DD5.1.H.264-BTN.mkv and /Volumes/Icy Dock/Plex/Media/TV Shows/The Last Man on Earth/Season 2/The Last Man on Earth - S02E08
2016-01-11 17:00:53.604 [info] <0.135.0>@Elixir.FileOperation:clean:35 Moving /Volumes/FreeAgent/torrent_complete/The.Last.Man.On.Earth.S02E08.No.Bull.1080p.WEB-DL.DD5.1.H264-BTN[rarbg]/The.Last.Man.On.Earth.S02E08.No.Bull.1080p.WEB-DL.DD5.1.H.264-BTN.mkv to /Users/dmccray/.Trash
2016-01-11 17:00:53.604 [info] <0.71.0>@Elixir.FileManager:manage:32 Killing Process: FO_0F83A0639469239AF1D959C6B781D1C7
2016-01-11 17:00:53.606 [info] <0.71.0>@Elixir.FileManager:manage:10 Creating Process: FO_987D27711EE5DE6B9CE882A7C11F110A
2016-01-11 17:00:54.607 [info] <0.136.0>@Elixir.FileOperation:copy:26 Copying: /Volumes/FreeAgent/torrent_complete/the.last.man.on.earth.s02e09.720p.hdtv.hevc.x265.rmteam.mkv To: /Volumes/Icy Dock/Plex/Media/TV Shows/The Last Man on Earth/Season 2/The Last Man on Earth - s02e09
2016-01-11 17:00:54.607 [info] <0.136.0>@Elixir.FileOperation:verify:31 Verifying /Volumes/FreeAgent/torrent_complete/the.last.man.on.earth.s02e09.720p.hdtv.hevc.x265.rmteam.mkv and /Volumes/Icy Dock/Plex/Media/TV Shows/The Last Man on Earth/Season 2/The Last Man on Earth - s02e09
2016-01-11 17:00:54.607 [info] <0.136.0>@Elixir.FileOperation:clean:35 Moving /Volumes/FreeAgent/torrent_complete/the.last.man.on.earth.s02e09.720p.hdtv.hevc.x265.rmteam.mkv to /Users/dmccray/.Trash
2016-01-11 17:00:54.607 [info] <0.71.0>@Elixir.FileManager:manage:32 Killing Process: FO_987D27711EE5DE6B9CE882A7C11F110A
2016-01-11 17:00:54.610 [info] <0.71.0>@Elixir.FileManager:manage:10 Creating Process: FO_3582F5BE666EC6F8CD282C5C353F1101
2016-01-11 17:00:55.611 [info] <0.137.0>@Elixir.FileOperation:copy:26 Copying: /Volumes/FreeAgent/torrent_complete/The.Last.Man.On.Earth.S02E10.Silent.Night.1080p.WEB-DL.DD5.1.H264-BTN[rarbg]/The.Last.Man.On.Earth.S02E10.Silent.Night.1080p.WEB-DL.DD5.1.H.264-BTN.mkv To: /Volumes/Icy Dock/Plex/Media/TV Shows/The Last Man on Earth/Season 2/The Last Man on Earth - S02E10
2016-01-11 17:00:55.612 [info] <0.137.0>@Elixir.FileOperation:verify:31 Verifying /Volumes/FreeAgent/torrent_complete/The.Last.Man.On.Earth.S02E10.Silent.Night.1080p.WEB-DL.DD5.1.H264-BTN[rarbg]/The.Last.Man.On.Earth.S02E10.Silent.Night.1080p.WEB-DL.DD5.1.H.264-BTN.mkv and /Volumes/Icy Dock/Plex/Media/TV Shows/The Last Man on Earth/Season 2/The Last Man on Earth - S02E10
2016-01-11 17:00:55.612 [info] <0.137.0>@Elixir.FileOperation:clean:35 Moving /Volumes/FreeAgent/torrent_complete/The.Last.Man.On.Earth.S02E10.Silent.Night.1080p.WEB-DL.DD5.1.H264-BTN[rarbg]/The.Last.Man.On.Earth.S02E10.Silent.Night.1080p.WEB-DL.DD5.1.H.264-BTN.mkv to /Users/dmccray/.Trash
2016-01-11 17:00:55.612 [info] <0.71.0>@Elixir.FileManager:manage:32 Killing Process: FO_3582F5BE666EC6F8CD282C5C353F1101
2016-01-11 17:00:55.618 [info] <0.71.0>@Elixir.FileManager:manage:10 Creating Process: FO_5E1DE0416878E495FD6B88C64213A702
2016-01-11 17:00:56.619 [info] <0.138.0>@Elixir.FileOperation:copy:26 Copying: /Volumes/FreeAgent/torrent_complete/The.Mindy.Project.S04E02.720p.HDTV.x264-KILLERS[rarbg]/The Mindy Project - S04E02.mkv To: /Volumes/Icy Dock/Plex/Media/TV Shows/The Mindy Project/Season 4/The Mindy Project - S04E02
2016-01-11 17:00:56.619 [info] <0.138.0>@Elixir.FileOperation:verify:31 Verifying /Volumes/FreeAgent/torrent_complete/The.Mindy.Project.S04E02.720p.HDTV.x264-KILLERS[rarbg]/The Mindy Project - S04E02.mkv and /Volumes/Icy Dock/Plex/Media/TV Shows/The Mindy Project/Season 4/The Mindy Project - S04E02
2016-01-11 17:00:56.619 [info] <0.138.0>@Elixir.FileOperation:clean:35 Moving /Volumes/FreeAgent/torrent_complete/The.Mindy.Project.S04E02.720p.HDTV.x264-KILLERS[rarbg]/The Mindy Project - S04E02.mkv to /Users/dmccray/.Trash
2016-01-11 17:00:56.619 [info] <0.71.0>@Elixir.FileManager:manage:32 Killing Process: FO_5E1DE0416878E495FD6B88C64213A702
2016-01-11 17:00:56.622 [info] <0.71.0>@Elixir.FileManager:manage:10 Creating Process: FO_456EBAA1C58FFCCF9F2388F87A3CFD8D
2016-01-11 17:00:57.622 [info] <0.139.0>@Elixir.FileOperation:copy:26 Copying: /Volumes/FreeAgent/torrent_complete/The.Mindy.Project.S04E03.720p.HDTV.x264-KILLERS[brassetv]/The Mindy Project - S04E03.mkv To: /Volumes/Icy Dock/Plex/Media/TV Shows/The Mindy Project/Season 4/The Mindy Project - S04E03
2016-01-11 17:00:57.622 [info] <0.139.0>@Elixir.FileOperation:verify:31 Verifying /Volumes/FreeAgent/torrent_complete/The.Mindy.Project.S04E03.720p.HDTV.x264-KILLERS[brassetv]/The Mindy Project - S04E03.mkv and /Volumes/Icy Dock/Plex/Media/TV Shows/The Mindy Project/Season 4/The Mindy Project - S04E03
2016-01-11 17:00:57.622 [info] <0.139.0>@Elixir.FileOperation:clean:35 Moving /Volumes/FreeAgent/torrent_complete/The.Mindy.Project.S04E03.720p.HDTV.x264-KILLERS[brassetv]/The Mindy Project - S04E03.mkv to /Users/dmccray/.Trash
2016-01-11 17:00:57.622 [info] <0.71.0>@Elixir.FileManager:manage:32 Killing Process: FO_456EBAA1C58FFCCF9F2388F87A3CFD8D
2016-01-11 17:00:57.625 [info] <0.71.0>@Elixir.FileManager:manage:10 Creating Process: FO_850104DF1558CC06CD6613EB45151270
2016-01-11 17:00:58.626 [info] <0.140.0>@Elixir.FileOperation:copy:26 Copying: /Volumes/FreeAgent/torrent_complete/The.Mindy.Project.S04E04.720p.HDTV.x264-KILLERS[rarbg]/The.Mindy.Project.S04E04.720p.HDTV.x264-KILLERS.mkv To: /Volumes/Icy Dock/Plex/Media/TV Shows/The Mindy Project/Season 4/The Mindy Project - S04E04
2016-01-11 17:00:58.626 [info] <0.140.0>@Elixir.FileOperation:verify:31 Verifying /Volumes/FreeAgent/torrent_complete/The.Mindy.Project.S04E04.720p.HDTV.x264-KILLERS[rarbg]/The.Mindy.Project.S04E04.720p.HDTV.x264-KILLERS.mkv and /Volumes/Icy Dock/Plex/Media/TV Shows/The Mindy Project/Season 4/The Mindy Project - S04E04
2016-01-11 17:00:58.626 [info] <0.140.0>@Elixir.FileOperation:clean:35 Moving /Volumes/FreeAgent/torrent_complete/The.Mindy.Project.S04E04.720p.HDTV.x264-KILLERS[rarbg]/The.Mindy.Project.S04E04.720p.HDTV.x264-KILLERS.mkv to /Users/dmccray/.Trash
2016-01-11 17:00:58.626 [info] <0.71.0>@Elixir.FileManager:manage:32 Killing Process: FO_850104DF1558CC06CD6613EB45151270
2016-01-11 17:00:58.634 [info] <0.71.0>@Elixir.FileManager:manage:10 Creating Process: FO_F6B09BDDEA94055F9CDEC257317B12EC
2016-01-11 17:00:59.635 [info] <0.141.0>@Elixir.FileOperation:copy:26 Copying: /Volumes/FreeAgent/torrent_complete/The.Mindy.Project.S04E05.720p.HDTV.x264-KILLERS[rarbg]/The.Mindy.Project.S04E05.720p.HDTV.x264-KILLERS.mkv To: /Volumes/Icy Dock/Plex/Media/TV Shows/The Mindy Project/Season 4/The Mindy Project - S04E05
2016-01-11 17:00:59.635 [info] <0.141.0>@Elixir.FileOperation:verify:31 Verifying /Volumes/FreeAgent/torrent_complete/The.Mindy.Project.S04E05.720p.HDTV.x264-KILLERS[rarbg]/The.Mindy.Project.S04E05.720p.HDTV.x264-KILLERS.mkv and /Volumes/Icy Dock/Plex/Media/TV Shows/The Mindy Project/Season 4/The Mindy Project - S04E05
2016-01-11 17:00:59.635 [info] <0.141.0>@Elixir.FileOperation:clean:35 Moving /Volumes/FreeAgent/torrent_complete/The.Mindy.Project.S04E05.720p.HDTV.x264-KILLERS[rarbg]/The.Mindy.Project.S04E05.720p.HDTV.x264-KILLERS.mkv to /Users/dmccray/.Trash
2016-01-11 17:00:59.635 [info] <0.71.0>@Elixir.FileManager:manage:32 Killing Process: FO_F6B09BDDEA94055F9CDEC257317B12EC
2016-01-11 17:00:59.638 [info] <0.71.0>@Elixir.FileManager:manage:10 Creating Process: FO_AD348E3432EEE51D64276B9E339C5F1A
2016-01-11 17:01:00.639 [info] <0.142.0>@Elixir.FileOperation:copy:26 Copying: /Volumes/FreeAgent/torrent_complete/The.Mindy.Project.S04E06.720p.HDTV.x264-KILLERS[brassetv]/The.Mindy.Project.S04E06.720p.HDTV.x264-KILLERS.mkv To: /Volumes/Icy Dock/Plex/Media/TV Shows/The Mindy Project/Season 4/The Mindy Project - S04E06
2016-01-11 17:01:00.639 [info] <0.142.0>@Elixir.FileOperation:verify:31 Verifying /Volumes/FreeAgent/torrent_complete/The.Mindy.Project.S04E06.720p.HDTV.x264-KILLERS[brassetv]/The.Mindy.Project.S04E06.720p.HDTV.x264-KILLERS.mkv and /Volumes/Icy Dock/Plex/Media/TV Shows/The Mindy Project/Season 4/The Mindy Project - S04E06
2016-01-11 17:01:00.639 [info] <0.142.0>@Elixir.FileOperation:clean:35 Moving /Volumes/FreeAgent/torrent_complete/The.Mindy.Project.S04E06.720p.HDTV.x264-KILLERS[brassetv]/The.Mindy.Project.S04E06.720p.HDTV.x264-KILLERS.mkv to /Users/dmccray/.Trash
2016-01-11 17:01:00.639 [info] <0.71.0>@Elixir.FileManager:manage:32 Killing Process: FO_AD348E3432EEE51D64276B9E339C5F1A
2016-01-11 17:01:00.644 [info] <0.71.0>@Elixir.FileManager:manage:10 Creating Process: FO_289BCDE4E19FC7CEAFB3D6C44CCFCBA4
2016-01-11 17:01:01.645 [info] <0.143.0>@Elixir.FileOperation:clean:35 Moving /Volumes/FreeAgent/torrent_complete/The Walking Dead - S06E05.MP4 to /Users/dmccray/.Trash
2016-01-11 17:01:01.645 [info] <0.71.0>@Elixir.FileManager:manage:32 Killing Process: FO_289BCDE4E19FC7CEAFB3D6C44CCFCBA4
2016-01-11 17:01:01.647 [info] <0.71.0>@Elixir.FileManager:manage:10 Creating Process: FO_6B3A4A41EA8BA9B9C49FE8A4FB3D4D09
2016-01-11 17:01:02.648 [info] <0.144.0>@Elixir.FileOperation:clean:35 Moving /Volumes/FreeAgent/torrent_complete/The Walking Dead S06E07  2015 HDTV x264 - BLOW/The Walking Dead S06E07  2015 HDTV x264 - BLOW.wmv to /Users/dmccray/.Trash
2016-01-11 17:01:02.648 [info] <0.71.0>@Elixir.FileManager:manage:32 Killing Process: FO_6B3A4A41EA8BA9B9C49FE8A4FB3D4D09
2016-01-11 17:01:02.651 [info] <0.71.0>@Elixir.FileManager:manage:10 Creating Process: FO_A0E47B954E4781C594EF896F03A8E7C9
2016-01-11 17:01:03.653 [info] <0.145.0>@Elixir.FileOperation:copy:26 Copying: /Volumes/FreeAgent/torrent_complete/The Walking Dead S06E08 1080p HDTV x264 Legendado/The Walking Dead - S06E08.mkv To: /Volumes/Icy Dock/Plex/Media/TV Shows/The Walking Dead/Season 6/The Walking Dead - S06E08
2016-01-11 17:01:03.653 [info] <0.145.0>@Elixir.FileOperation:verify:31 Verifying /Volumes/FreeAgent/torrent_complete/The Walking Dead S06E08 1080p HDTV x264 Legendado/The Walking Dead - S06E08.mkv and /Volumes/Icy Dock/Plex/Media/TV Shows/The Walking Dead/Season 6/The Walking Dead - S06E08
2016-01-11 17:01:03.653 [info] <0.145.0>@Elixir.FileOperation:clean:35 Moving /Volumes/FreeAgent/torrent_complete/The Walking Dead S06E08 1080p HDTV x264 Legendado/The Walking Dead - S06E08.mkv to /Users/dmccray/.Trash
2016-01-11 17:01:03.653 [info] <0.71.0>@Elixir.FileManager:manage:32 Killing Process: FO_A0E47B954E4781C594EF896F03A8E7C9
2016-01-11 17:01:03.656 [info] <0.71.0>@Elixir.FileManager:manage:10 Creating Process: FO_B682F25B78ABE6D75C091D5108BBDFE3
2016-01-11 17:01:04.657 [info] <0.146.0>@Elixir.FileOperation:clean:35 Moving /Volumes/FreeAgent/torrent_complete/The.Walking.Dead.S06E03.1080p.WEB-DL.DD5.1.H264-RARBG/The Walking Dead - S06E03.mkv to /Users/dmccray/.Trash
2016-01-11 17:01:04.657 [info] <0.71.0>@Elixir.FileManager:manage:32 Killing Process: FO_B682F25B78ABE6D75C091D5108BBDFE3
2016-01-11 17:01:04.659 [info] <0.71.0>@Elixir.FileManager:manage:10 Creating Process: FO_2CBB68FC7DBF60DEC28766272A8D143A
2016-01-11 17:01:05.660 [info] <0.147.0>@Elixir.FileOperation:clean:35 Moving /Volumes/FreeAgent/torrent_complete/The.Walking.Dead.S06E04.1080p.WEB-DL.DD5.1.H.264-Cyphanix[rarbg]/The Walking Dead - S06E04.mkv to /Users/dmccray/.Trash
2016-01-11 17:01:05.660 [info] <0.71.0>@Elixir.FileManager:manage:32 Killing Process: FO_2CBB68FC7DBF60DEC28766272A8D143A
2016-01-11 17:01:05.663 [info] <0.71.0>@Elixir.FileManager:manage:10 Creating Process: FO_91CBD6FA0DF0236B4A3AE389B669EB93
2016-01-11 17:01:06.664 [info] <0.148.0>@Elixir.FileOperation:clean:35 Moving /Volumes/FreeAgent/torrent_complete/The.Walking.Dead.S06E06.1080p.WEB-DL.DD5.1.H264-RARBG/The Walking Dead - S06E06.mkv to /Users/dmccray/.Trash
2016-01-11 17:01:06.664 [info] <0.71.0>@Elixir.FileManager:manage:32 Killing Process: FO_91CBD6FA0DF0236B4A3AE389B669EB93
2016-01-11 17:01:06.666 [info] <0.71.0>@Elixir.FileManager:manage:10 Creating Process: FO_7C5ED6DFBFDAB2A14061087F1615DC95
